\BOOKMARK [0][-]{chapter.1}{\376\377\000I\000n\000t\000r\000o\000d\000u\000c\000c\000i\000\363\000n}{}% 1
\BOOKMARK [1][-]{section.1.1}{\376\377\000G\000a\000m\000e\000\040\000B\000o\000y\000\040\000A\000d\000v\000a\000n\000c\000e}{chapter.1}% 2
\BOOKMARK [1][-]{section.1.2}{\376\377\000E\000x\000p\000l\000i\000c\000a\000c\000i\000\363\000n\000\040\000y\000\040\000o\000b\000j\000e\000t\000i\000v\000o\000s\000\040\000d\000e\000l\000\040\000p\000r\000o\000y\000e\000c\000t\000o}{chapter.1}% 3
\BOOKMARK [1][-]{section.1.3}{\376\377\000J\000u\000s\000t\000i\000f\000i\000c\000a\000c\000i\000\363\000n\000\040\000e\000\040\000I\000n\000t\000e\000r\000e\000s\000e\000s}{chapter.1}% 4
\BOOKMARK [1][-]{section.1.4}{\376\377\000P\000l\000a\000n\000i\000f\000i\000c\000a\000c\000i\000\363\000n\000\040\000d\000e\000l\000\040\000p\000r\000o\000y\000e\000c\000t\000o}{chapter.1}% 5
\BOOKMARK [1][-]{section.1.5}{\376\377\000R\000e\000c\000u\000r\000s\000o\000s\000\040\000u\000t\000i\000l\000i\000z\000a\000d\000o\000s}{chapter.1}% 6
\BOOKMARK [2][-]{subsection.1.5.1}{\376\377\000L\000e\000n\000g\000u\000a\000j\000e\000s\000\040\000d\000e\000\040\000p\000r\000o\000g\000r\000a\000m\000a\000c\000i\000\363\000n}{section.1.5}% 7
\BOOKMARK [2][-]{subsection.1.5.2}{\376\377\000C\000o\000n\000t\000r\000o\000l\000\040\000d\000e\000\040\000v\000e\000r\000s\000i\000o\000n\000e\000s}{section.1.5}% 8
\BOOKMARK [2][-]{subsection.1.5.3}{\376\377\000E\000d\000i\000t\000o\000r\000e\000s}{section.1.5}% 9
\BOOKMARK [2][-]{subsection.1.5.4}{\376\377\000H\000e\000r\000r\000a\000m\000i\000e\000n\000t\000a\000s\000\040\000g\000r\000\341\000f\000i\000c\000a\000s\000\040\000y\000\040\000d\000e\000\040\000a\000u\000d\000i\000o}{section.1.5}% 10
\BOOKMARK [2][-]{subsection.1.5.5}{\376\377\000H\000e\000r\000r\000a\000m\000i\000e\000n\000t\000a\000s\000\040\000d\000e\000\040\000p\000l\000a\000n\000i\000f\000i\000c\000a\000c\000i\000\363\000n}{section.1.5}% 11
\BOOKMARK [2][-]{subsection.1.5.6}{\376\377\000E\000m\000u\000l\000a\000d\000o\000r\000e\000s}{section.1.5}% 12
\BOOKMARK [2][-]{subsection.1.5.7}{\376\377\000H\000a\000r\000d\000w\000a\000r\000e}{section.1.5}% 13
\BOOKMARK [1][-]{section.1.6}{\376\377\000E\000s\000t\000r\000u\000c\000t\000u\000r\000a\000\040\000d\000e\000l\000\040\000p\000r\000o\000y\000e\000c\000t\000o}{chapter.1}% 14
\BOOKMARK [0][-]{chapter.2}{\376\377\000A\000r\000q\000u\000i\000t\000e\000c\000t\000u\000r\000a\000\040\000d\000e\000\040\000l\000a\000\040\000G\000a\000m\000e\000\040\000B\000o\000y\000\040\000A\000d\000v\000a\000n\000c\000e}{}% 15
\BOOKMARK [1][-]{section.2.1}{\376\377\000P\000r\000o\000c\000e\000s\000a\000d\000o\000r\000\040\000A\000R\000M\0007\000T\000D\000M\000I}{chapter.2}% 16
\BOOKMARK [1][-]{section.2.2}{\376\377\000C\000o\000p\000r\000o\000c\000e\000s\000a\000d\000o\000r\000\040\000S\000h\000a\000r\000p\000\040\000S\000M\0008\0003}{chapter.2}% 17
\BOOKMARK [1][-]{section.2.3}{\376\377\000E\000l\000\040\000r\000e\000g\000i\000s\000t\000r\000o\000\040\000I\000/\000O}{chapter.2}% 18
\BOOKMARK [2][-]{subsection.2.3.1}{\376\377\000R\000e\000g\000i\000s\000t\000r\000o\000s\000\040\000L\000C\000D}{section.2.3}% 19
\BOOKMARK [3][-]{subsubsection.2.3.1.1}{\376\377\000D\000I\000S\000P\000C\000N\000T}{subsection.2.3.1}% 20
\BOOKMARK [3][-]{subsubsection.2.3.1.2}{\376\377\000D\000I\000S\000P\000S\000T\000A\000T}{subsection.2.3.1}% 21
\BOOKMARK [3][-]{subsubsection.2.3.1.3}{\376\377\000C\000o\000n\000f\000i\000g\000u\000r\000a\000c\000i\000\363\000n\000\040\000d\000e\000\040\000f\000o\000n\000d\000o\000s}{subsection.2.3.1}% 22
\BOOKMARK [3][-]{subsubsection.2.3.1.4}{\376\377\000R\000e\000g\000i\000s\000t\000r\000o\000s\000\040\000d\000e\000\040\000e\000f\000e\000c\000t\000o\000s\000\040\000e\000s\000p\000e\000c\000i\000a\000l\000e\000s}{subsection.2.3.1}% 23
\BOOKMARK [2][-]{subsection.2.3.2}{\376\377\000R\000e\000g\000i\000s\000t\000r\000o\000s\000\040\000d\000e\000\040\000s\000o\000n\000i\000d\000o}{section.2.3}% 24
\BOOKMARK [3][-]{subsubsection.2.3.2.1}{\376\377\000M\000o\000d\000o\000s\000\040\000a\000n\000a\000l\000\363\000g\000i\000c\000o\000s}{subsection.2.3.2}% 25
\BOOKMARK [3][-]{subsubsection.2.3.2.2}{\376\377\000M\000o\000d\000o\000s\000\040\000d\000i\000g\000i\000t\000a\000l\000e\000s}{subsection.2.3.2}% 26
\BOOKMARK [2][-]{subsection.2.3.3}{\376\377\000R\000e\000g\000i\000s\000t\000r\000o\000s\000\040\000p\000a\000r\000a\000\040\000D\000i\000r\000e\000c\000t\000\040\000M\000e\000m\000o\000r\000y\000\040\000A\000c\000c\000e\000s\000s}{section.2.3}% 27
\BOOKMARK [2][-]{subsection.2.3.4}{\376\377\000R\000e\000g\000i\000s\000t\000r\000o\000s\000\040\000d\000e\000\040\000t\000e\000m\000p\000o\000r\000i\000z\000a\000c\000i\000\363\000n}{section.2.3}% 28
\BOOKMARK [2][-]{subsection.2.3.5}{\376\377\000R\000e\000g\000i\000s\000t\000r\000o\000s\000\040\000d\000e\000\040\000c\000o\000m\000u\000n\000i\000c\000a\000c\000i\000\363\000n\000\040\000s\000e\000r\000i\000e}{section.2.3}% 29
\BOOKMARK [2][-]{subsection.2.3.6}{\376\377\000R\000e\000g\000i\000s\000t\000r\000o\000s\000\040\000d\000e\000\040\000l\000o\000s\000\040\000b\000o\000t\000o\000n\000e\000s}{section.2.3}% 30
\BOOKMARK [2][-]{subsection.2.3.7}{\376\377\000R\000e\000g\000i\000s\000t\000r\000o\000s\000\040\000d\000e\000\040\000i\000n\000t\000e\000r\000r\000u\000p\000c\000i\000o\000n\000e\000s}{section.2.3}% 31
\BOOKMARK [1][-]{section.2.4}{\376\377\000P\000i\000c\000t\000u\000r\000e\000\040\000P\000r\000o\000c\000e\000s\000s\000i\000n\000g\000\040\000U\000n\000i\000t\000\040\000\050\000P\000P\000U\000\051}{chapter.2}% 32
\BOOKMARK [2][-]{subsection.2.4.1}{\376\377\000S\000p\000r\000i\000t\000e\000s}{section.2.4}% 33
\BOOKMARK [3][-]{subsubsection.2.4.1.1}{\376\377\000A\000t\000r\000i\000b\000u\000t\000o\000s}{subsection.2.4.1}% 34
\BOOKMARK [3][-]{subsubsection.2.4.1.2}{\376\377\000M\000a\000t\000r\000i\000z\000\040\000d\000e\000\040\000t\000r\000a\000n\000s\000f\000o\000r\000m\000a\000c\000i\000\363\000n}{subsection.2.4.1}% 35
\BOOKMARK [2][-]{subsection.2.4.2}{\376\377\000B\000i\000t\000m\000a\000p\000s}{section.2.4}% 36
\BOOKMARK [3][-]{subsubsection.2.4.2.1}{\376\377\000M\000o\000d\000o\000\040\0003}{subsection.2.4.2}% 37
\BOOKMARK [3][-]{subsubsection.2.4.2.2}{\376\377\000M\000o\000d\000o\000\040\0004}{subsection.2.4.2}% 38
\BOOKMARK [3][-]{subsubsection.2.4.2.3}{\376\377\000M\000o\000d\000o\000\040\0005}{subsection.2.4.2}% 39
\BOOKMARK [2][-]{subsection.2.4.3}{\376\377\000F\000o\000n\000d\000o\000s}{section.2.4}% 40
\BOOKMARK [2][-]{subsection.2.4.4}{\376\377\000E\000f\000e\000c\000t\000o\000s\000\040\000e\000s\000p\000e\000c\000i\000a\000l\000e\000s}{section.2.4}% 41
\BOOKMARK [3][-]{subsubsection.2.4.4.1}{\376\377\000B\000l\000e\000n\000d\000i\000n\000g}{subsection.2.4.4}% 42
\BOOKMARK [3][-]{subsubsection.2.4.4.2}{\376\377\000E\000f\000e\000c\000t\000o\000s\000\040\000f\000a\000d\000e}{subsection.2.4.4}% 43
\BOOKMARK [3][-]{subsubsection.2.4.4.3}{\376\377\000M\000o\000d\000o\000\040\000m\000o\000s\000a\000i\000c\000o}{subsection.2.4.4}% 44
\BOOKMARK [3][-]{subsubsection.2.4.4.4}{\376\377\000M\000o\000d\000o\000\040\000v\000e\000n\000t\000a\000n\000a}{subsection.2.4.4}% 45
\BOOKMARK [0][-]{chapter.3}{\376\377\000D\000i\000s\000e\000\361\000o\000\040\000y\000\040\000d\000e\000s\000a\000r\000r\000o\000l\000l\000o\000\040\000d\000e\000l\000\040\000j\000u\000e\000g\000o}{}% 46
\BOOKMARK [1][-]{section.3.1}{\376\377\000E\000s\000p\000e\000c\000i\000f\000i\000c\000a\000c\000i\000o\000n\000e\000s}{chapter.3}% 47
\BOOKMARK [2][-]{subsection.3.1.1}{\376\377\000R\000e\000q\000u\000i\000s\000i\000t\000o\000s\000\040\000g\000e\000n\000e\000r\000a\000l\000e\000s}{section.3.1}% 48
\BOOKMARK [2][-]{subsection.3.1.2}{\376\377\000C\000a\000s\000o\000s\000\040\000d\000e\000\040\000u\000s\000o}{section.3.1}% 49
\BOOKMARK [2][-]{subsection.3.1.3}{\376\377\000R\000e\000q\000u\000i\000s\000i\000t\000o\000s\000\040\000f\000u\000n\000c\000i\000o\000n\000a\000l\000e\000s}{section.3.1}% 50
\BOOKMARK [2][-]{subsection.3.1.4}{\376\377\000R\000e\000q\000u\000i\000s\000i\000t\000o\000s\000\040\000d\000e\000\040\000i\000n\000f\000o\000r\000m\000a\000c\000i\000\363\000n}{section.3.1}% 51
\BOOKMARK [2][-]{subsection.3.1.5}{\376\377\000R\000e\000q\000u\000i\000s\000i\000t\000o\000s\000\040\000n\000o\000\040\000f\000u\000n\000c\000i\000o\000n\000a\000l\000e\000s}{section.3.1}% 52
\BOOKMARK [1][-]{section.3.2}{\376\377\000D\000e\000s\000a\000r\000r\000o\000l\000l\000o}{chapter.3}% 53
\BOOKMARK [2][-]{subsection.3.2.1}{\376\377\000M\000e\000n\000\372}{section.3.2}% 54
\BOOKMARK [2][-]{subsection.3.2.2}{\376\377\000N\000i\000v\000e\000l\000\040\000d\000e\000l\000\040\000j\000u\000e\000g\000o}{section.3.2}% 55
\BOOKMARK [1][-]{section.3.3}{\376\377\000A\000s\000p\000e\000c\000t\000o\000s\000\040\000d\000e\000s\000t\000a\000c\000a\000d\000o\000s\000\040\000d\000e\000l\000\040\000d\000e\000s\000a\000r\000r\000o\000l\000l\000o}{chapter.3}% 56
\BOOKMARK [2][-]{subsection.3.3.1}{\376\377\000P\000r\000u\000e\000b\000a\000s\000\040\000d\000e\000\040\000r\000e\000n\000d\000i\000m\000i\000e\000n\000t\000o}{section.3.3}% 57
\BOOKMARK [2][-]{subsection.3.3.2}{\376\377\000S\000i\000n\000c\000r\000o\000n\000i\000z\000a\000c\000i\000\363\000n\000\040\000v\000e\000r\000t\000i\000c\000a\000l}{section.3.3}% 58
\BOOKMARK [2][-]{subsection.3.3.3}{\376\377\000O\000p\000e\000r\000a\000c\000i\000o\000n\000e\000s\000\040\000d\000e\000\040\000p\000u\000n\000t\000o\000\040\000f\000l\000o\000t\000a\000n\000t\000e}{section.3.3}% 59
\BOOKMARK [2][-]{subsection.3.3.4}{\376\377\000L\000i\000m\000i\000t\000a\000c\000i\000o\000n\000e\000s\000\040\000d\000e\000\040\000l\000e\000c\000t\000u\000r\000a\000\040\000y\000\040\000e\000s\000c\000r\000i\000t\000u\000r\000a}{section.3.3}% 60
\BOOKMARK [2][-]{subsection.3.3.5}{\376\377\000T\000e\000x\000t\000o}{section.3.3}% 61
\BOOKMARK [2][-]{subsection.3.3.6}{\376\377\000P\000r\000e\000p\000a\000r\000a\000c\000i\000\363\000n\000\040\000d\000e\000\040\000l\000o\000s\000\040\000a\000r\000c\000h\000i\000v\000o\000s\000\040\000b\000i\000n\000a\000r\000i\000o\000s}{section.3.3}% 62
\BOOKMARK [0][-]{chapter.4}{\376\377\000R\000e\000s\000u\000l\000t\000a\000d\000o\000\040\000f\000i\000n\000a\000l}{}% 63
\BOOKMARK [1][-]{section.4.1}{\376\377\000Y\000A\000P\000\040\000-\000\040\000Y\000e\000t\000\040\000A\000n\000o\000t\000h\000e\000r\000\040\000P\000l\000a\000t\000f\000o\000r\000m\000e\000r}{chapter.4}% 64
\BOOKMARK [1][-]{section.4.2}{\376\377\000P\000e\000r\000s\000o\000n\000a\000j\000e\000s}{chapter.4}% 65
\BOOKMARK [1][-]{section.4.3}{\376\377\000T\000i\000t\000l\000e\000\040\000s\000c\000r\000e\000e\000n\000s\000,\000\040\000m\000e\000n\000\372\000s\000\040\000y\000\040\000n\000i\000v\000e\000l\000e\000s}{chapter.4}% 66
\BOOKMARK [1][-]{section.4.4}{\376\377\000M\000\372\000s\000i\000c\000a}{chapter.4}% 67
\BOOKMARK [1][-]{section.4.5}{\376\377\000I\000n\000d\000i\000c\000a\000d\000o\000r\000e\000s\000\040\000i\000n\000-\000g\000a\000m\000e}{chapter.4}% 68
\BOOKMARK [1][-]{section.4.6}{\376\377\000E\000v\000a\000l\000u\000a\000c\000i\000\363\000n\000\040\000d\000e\000l\000\040\000j\000u\000e\000g\000o\000\040\000e\000n\000\040\000e\000l\000\040\000h\000a\000r\000d\000w\000a\000r\000e\000\040\000o\000r\000i\000g\000i\000n\000a\000l}{chapter.4}% 69
\BOOKMARK [0][-]{chapter.5}{\376\377\000C\000o\000n\000c\000l\000u\000s\000i\000o\000n\000e\000s\000\040\000d\000e\000l\000\040\000p\000r\000o\000y\000e\000c\000t\000o}{}% 70
\BOOKMARK [1][-]{section.5.1}{\376\377\000T\000r\000a\000b\000a\000j\000o\000\040\000f\000u\000t\000u\000r\000o}{chapter.5}% 71
\BOOKMARK [0][-]{figure.caption.121}{\376\377\000B\000i\000b\000l\000i\000o\000g\000r\000a\000f\000\355\000a}{}% 72
\BOOKMARK [0][-]{appendix.1.Alph1}{\376\377\000C\000o\000n\000t\000e\000n\000i\000d\000o\000\040\000a\000d\000i\000c\000i\000o\000n\000a\000l}{}% 73
\BOOKMARK [1][-]{section.1.Alph1.1}{\376\377\000E\000s\000t\000r\000u\000c\000t\000u\000r\000a\000\040\000d\000e\000l\000\040\000p\000r\000o\000y\000e\000c\000t\000o}{appendix.1.Alph1}% 74
\BOOKMARK [1][-]{section.1.Alph1.2}{\376\377\000P\000e\000r\000s\000o\000n\000a\000j\000e\000s}{appendix.1.Alph1}% 75
\BOOKMARK [1][-]{section.1.Alph1.3}{\376\377\000R\000e\000g\000i\000s\000t\000r\000o\000s}{appendix.1.Alph1}% 76
\BOOKMARK [1][-]{section.1.Alph1.4}{\376\377\000E\000s\000c\000e\000n\000a\000s}{appendix.1.Alph1}% 77
\BOOKMARK [1][-]{section.1.Alph1.5}{\376\377\000A\000u\000t\000o\000m\000a\000t\000i\000z\000a\000c\000i\000\363\000n\000\040\000m\000e\000d\000i\000a\000n\000t\000e\000\040\000s\000c\000r\000i\000p\000t\000s\000\040\000d\000e\000\040\000B\000A\000S\000H}{appendix.1.Alph1}% 78
\BOOKMARK [1][-]{section.1.Alph1.6}{\376\377\000F\000u\000n\000c\000i\000o\000n\000e\000s\000\040\000d\000e\000\040\000l\000a\000\040\000B\000I\000O\000S}{appendix.1.Alph1}% 79
